0 info it worked if it ends with ok
1 verbose cli [ '/home/ubuntu/.nvm/v0.10.35/bin/node',
1 verbose cli   '/home/ubuntu/.nvm/v0.10.35/bin/npm',
1 verbose cli   'install',
1 verbose cli   'morgen',
1 verbose cli   '--save' ]
2 info using npm@1.4.28
3 info using node@v0.10.35
4 warn package.json chat-example@0.0.0 No repository field.
5 verbose readDependencies using package.json deps
6 verbose cache add [ 'morgen', null ]
7 verbose cache add name=undefined spec="morgen" args=["morgen",null]
8 verbose parsed url { protocol: null,
8 verbose parsed url   slashes: null,
8 verbose parsed url   auth: null,
8 verbose parsed url   host: null,
8 verbose parsed url   port: null,
8 verbose parsed url   hostname: null,
8 verbose parsed url   hash: null,
8 verbose parsed url   search: null,
8 verbose parsed url   query: null,
8 verbose parsed url   pathname: 'morgen',
8 verbose parsed url   path: 'morgen',
8 verbose parsed url   href: 'morgen' }
9 silly lockFile e9f6b2a4-morgen morgen
10 verbose lock morgen /home/ubuntu/.npm/e9f6b2a4-morgen.lock
11 silly lockFile e9f6b2a4-morgen morgen
12 silly lockFile e9f6b2a4-morgen morgen
13 verbose addNamed [ 'morgen', '' ]
14 verbose addNamed [ null, '*' ]
15 silly lockFile 122167dc-morgen morgen@
16 verbose lock morgen@ /home/ubuntu/.npm/122167dc-morgen.lock
17 silly addNameRange { name: 'morgen', range: '*', hasData: false }
18 verbose request where is /morgen
19 verbose request registry https://registry.npmjs.org/
20 verbose request id b3d8cea1a4bdd20f
21 verbose url raw /morgen
22 verbose url resolving [ 'https://registry.npmjs.org/', './morgen' ]
23 verbose url resolved https://registry.npmjs.org/morgen
24 verbose request where is https://registry.npmjs.org/morgen
25 info trying registry request attempt 1 at 06:30:43
26 http GET https://registry.npmjs.org/morgen
27 http 404 https://registry.npmjs.org/morgen
28 verbose headers { server: 'CouchDB/1.5.0 (Erlang OTP/R16B03)',
28 verbose headers   'content-type': 'application/json',
28 verbose headers   'cache-control': 'max-age=0',
28 verbose headers   'content-length': '51',
28 verbose headers   'accept-ranges': 'bytes',
28 verbose headers   date: 'Wed, 22 Jul 2015 06:30:43 GMT',
28 verbose headers   via: '1.1 varnish',
28 verbose headers   age: '0',
28 verbose headers   connection: 'keep-alive',
28 verbose headers   'x-served-by': 'cache-hkg6825-HKG',
28 verbose headers   'x-cache': 'MISS',
28 verbose headers   'x-cache-hits': '0',
28 verbose headers   'x-timer': 'S1437546643.503071,VS0,VE240' }
29 silly registry.get cb [ 404,
29 silly registry.get   { server: 'CouchDB/1.5.0 (Erlang OTP/R16B03)',
29 silly registry.get     'content-type': 'application/json',
29 silly registry.get     'cache-control': 'max-age=0',
29 silly registry.get     'content-length': '51',
29 silly registry.get     'accept-ranges': 'bytes',
29 silly registry.get     date: 'Wed, 22 Jul 2015 06:30:43 GMT',
29 silly registry.get     via: '1.1 varnish',
29 silly registry.get     age: '0',
29 silly registry.get     connection: 'keep-alive',
29 silly registry.get     'x-served-by': 'cache-hkg6825-HKG',
29 silly registry.get     'x-cache': 'MISS',
29 silly registry.get     'x-cache-hits': '0',
29 silly registry.get     'x-timer': 'S1437546643.503071,VS0,VE240' } ]
30 silly lockFile 122167dc-morgen morgen@
31 silly lockFile 122167dc-morgen morgen@
32 error 404 404 Not Found: morgen
32 error 404
32 error 404 'morgen' is not in the npm registry.
32 error 404 You should bug the author to publish it
32 error 404 It was specified as a dependency of 'chat-example'
32 error 404
32 error 404 Note that you can also install from a
32 error 404 tarball, folder, or http url, or git url.
33 error System Linux 3.14.13-c9
34 error command "/home/ubuntu/.nvm/v0.10.35/bin/node" "/home/ubuntu/.nvm/v0.10.35/bin/npm" "install" "morgen" "--save"
35 error cwd /home/ubuntu/workspace/CLI
36 error node -v v0.10.35
37 error npm -v 1.4.28
38 error code E404
39 verbose exit [ 1, true ]
